<?xml version="1.0" encoding="UTF-8"?>
<testsuites name="jest tests" tests="2" failures="0" errors="0" time="18.353">
  <testsuite name="undefined" errors="0" failures="0" skipped="0" timestamp="2024-11-26T15:26:52" time="16.85" tests="1">
    <testcase classname=" SecurityHub Solutions snapshot test" name=" SecurityHub Solutions snapshot test" time="10.794">
    </testcase>
  </testsuite>
  <testsuite name="undefined" errors="0" failures="0" skipped="0" timestamp="2024-11-26T15:26:52" time="18.048" tests="1">
    <testcase classname=" Forensics Solutions snapshot test" name=" Forensics Solutions snapshot test" time="11.072">
    </testcase>
  </testsuite>
</testsuites>