<?xml version="1.0" encoding="UTF-8"?>
<testsuites name="jest tests" tests="2" failures="0" errors="0" time="295.906">
  <testsuite name="undefined" errors="0" failures="0" skipped="0" timestamp="2025-07-03T12:12:02" time="260.064" tests="1">
    <testcase classname=" SecurityHub Solutions snapshot test" name=" SecurityHub Solutions snapshot test" time="50.07">
    </testcase>
  </testsuite>
  <testsuite name="undefined" errors="0" failures="0" skipped="0" timestamp="2025-07-03T12:12:02" time="294.795" tests="1">
    <testcase classname=" Forensics Solutions snapshot test" name=" Forensics Solutions snapshot test" time="52.505">
    </testcase>
  </testsuite>
</testsuites>